<?xml version="1.0" encoding="UTF-8"?>
<!-- Generated by org.testng.reporters.JUnitReportReporter -->
<testsuite skipped="0" hostname="PC058" name="tests.JoinFreelancerTest" tests="1" failures="0" timestamp="2020-01-30T08:14:26 ART" time="5.035" errors="0">
  <testcase name="signUp" time="5.035" classname="tests.JoinFreelancerTest"/>
  <system-out/>
</testsuite> <!-- tests.JoinFreelancerTest -->
